2020-12-04T12:06:11.788951: Starting client requests thread.
2020-12-04T12:06:11.809241: Started listening for messages from worker nodes
2020-12-04T12:06:19.155938: Connected by ('127.0.0.1', 46774)
2020-12-04T12:06:19.156325: NEW_JOB: Got query with job id 0 JOB {'job_id': '0', 'map_tasks': [{'job_id': '0', 'task_id': '0_M0', 'duration': 2}, {'job_id': '0', 'task_id': '0_M1', 'duration': 1}, {'job_id': '0', 'task_id': '0_M2', 'duration': 2}, {'job_id': '0', 'task_id': '0_M3', 'duration': 4}], 'reduce_tasks': [{'job_id': '0', 'task_id': '0_R0', 'duration': 4}]}
2020-12-04T12:06:19.156614: acquiring lock of worker 1
2020-12-04T12:06:19.156756: acquiring lock of worker 2
2020-12-04T12:06:19.156832: acquiring lock of worker 3
2020-12-04T12:06:19.156907: releasing lock of worker 1
2020-12-04T12:06:19.156971: releasing lock of worker 2
2020-12-04T12:06:19.157030: releasing lock of worker 3
2020-12-04T12:06:19.157089: RUN_TASK: running task 0_M0 on worker 1
2020-12-04T12:06:19.157178: Connecting to worker <Worker id=1 127.0.0.1:4001 slots=5>
2020-12-04T12:06:19.157395: Sent data to worker
2020-12-04T12:06:19.157530: acquiring lock of worker 1
2020-12-04T12:06:19.157640: acquiring lock of worker 2
2020-12-04T12:06:19.157705: acquiring lock of worker 3
2020-12-04T12:06:19.157769: releasing lock of worker 1
2020-12-04T12:06:19.157829: releasing lock of worker 2
2020-12-04T12:06:19.157887: releasing lock of worker 3
2020-12-04T12:06:19.157945: RUN_TASK: running task 0_M1 on worker 2
2020-12-04T12:06:19.158029: Connecting to worker <Worker id=2 127.0.0.1:4002 slots=7>
2020-12-04T12:06:19.158198: Sent data to worker
2020-12-04T12:06:19.158295: acquiring lock of worker 1
2020-12-04T12:06:19.158365: acquiring lock of worker 2
2020-12-04T12:06:19.158425: acquiring lock of worker 3
2020-12-04T12:06:19.158488: releasing lock of worker 1
2020-12-04T12:06:19.158547: releasing lock of worker 2
2020-12-04T12:06:19.158604: releasing lock of worker 3
2020-12-04T12:06:19.158662: RUN_TASK: running task 0_M2 on worker 3
2020-12-04T12:06:19.158749: Connecting to worker <Worker id=3 127.0.0.1:4003 slots=3>
2020-12-04T12:06:19.158948: Sent data to worker
2020-12-04T12:06:19.159073: acquiring lock of worker 1
2020-12-04T12:06:19.159144: acquiring lock of worker 2
2020-12-04T12:06:19.159204: acquiring lock of worker 3
2020-12-04T12:06:19.159266: releasing lock of worker 1
2020-12-04T12:06:19.159324: releasing lock of worker 2
2020-12-04T12:06:19.159381: releasing lock of worker 3
2020-12-04T12:06:19.159439: RUN_TASK: running task 0_M3 on worker 1
2020-12-04T12:06:19.159524: Connecting to worker <Worker id=1 127.0.0.1:4001 slots=5>
2020-12-04T12:06:19.159717: Sent data to worker
2020-12-04T12:06:19.430181: Connected by ('127.0.0.1', 46784)
2020-12-04T12:06:19.430921: NEW_JOB: Got query with job id 1 JOB {'job_id': '1', 'map_tasks': [{'job_id': '1', 'task_id': '1_M0', 'duration': 4}], 'reduce_tasks': [{'job_id': '1', 'task_id': '1_R0', 'duration': 1}]}
2020-12-04T12:06:19.431506: acquiring lock of worker 1
2020-12-04T12:06:19.431991: acquiring lock of worker 2
2020-12-04T12:06:19.432341: acquiring lock of worker 3
2020-12-04T12:06:19.432663: releasing lock of worker 1
2020-12-04T12:06:19.432978: releasing lock of worker 2
2020-12-04T12:06:19.433278: releasing lock of worker 3
2020-12-04T12:06:19.433556: RUN_TASK: running task 1_M0 on worker 2
2020-12-04T12:06:19.433952: Connecting to worker <Worker id=2 127.0.0.1:4002 slots=7>
2020-12-04T12:06:19.434682: Sent data to worker
2020-12-04T12:06:19.552771: Connected by ('127.0.0.1', 46788)
2020-12-04T12:06:19.553459: NEW_JOB: Got query with job id 2 JOB {'job_id': '2', 'map_tasks': [{'job_id': '2', 'task_id': '2_M0', 'duration': 2}, {'job_id': '2', 'task_id': '2_M1', 'duration': 3}, {'job_id': '2', 'task_id': '2_M2', 'duration': 4}, {'job_id': '2', 'task_id': '2_M3', 'duration': 4}], 'reduce_tasks': [{'job_id': '2', 'task_id': '2_R0', 'duration': 3}]}
2020-12-04T12:06:19.553926: acquiring lock of worker 1
2020-12-04T12:06:19.554240: acquiring lock of worker 2
2020-12-04T12:06:19.554435: acquiring lock of worker 3
2020-12-04T12:06:19.554650: releasing lock of worker 1
2020-12-04T12:06:19.554854: releasing lock of worker 2
2020-12-04T12:06:19.555069: releasing lock of worker 3
2020-12-04T12:06:19.555242: RUN_TASK: running task 2_M0 on worker 3
2020-12-04T12:06:19.555480: Connecting to worker <Worker id=3 127.0.0.1:4003 slots=3>
2020-12-04T12:06:19.555983: Sent data to worker
2020-12-04T12:06:19.556218: acquiring lock of worker 1
2020-12-04T12:06:19.556407: acquiring lock of worker 2
2020-12-04T12:06:19.556681: acquiring lock of worker 3
2020-12-04T12:06:19.556934: releasing lock of worker 1
2020-12-04T12:06:19.557122: releasing lock of worker 2
2020-12-04T12:06:19.557299: releasing lock of worker 3
2020-12-04T12:06:19.557472: RUN_TASK: running task 2_M1 on worker 1
2020-12-04T12:06:19.557709: Connecting to worker <Worker id=1 127.0.0.1:4001 slots=5>
2020-12-04T12:06:19.558214: Sent data to worker
2020-12-04T12:06:19.558989: acquiring lock of worker 1
2020-12-04T12:06:19.559483: acquiring lock of worker 2
2020-12-04T12:06:19.559725: acquiring lock of worker 3
2020-12-04T12:06:19.559991: releasing lock of worker 1
2020-12-04T12:06:19.560162: releasing lock of worker 2
2020-12-04T12:06:19.560360: releasing lock of worker 3
2020-12-04T12:06:19.560526: RUN_TASK: running task 2_M2 on worker 2
2020-12-04T12:06:19.560766: Connecting to worker <Worker id=2 127.0.0.1:4002 slots=7>
2020-12-04T12:06:19.561333: Sent data to worker
2020-12-04T12:06:19.561909: acquiring lock of worker 1
2020-12-04T12:06:19.562232: acquiring lock of worker 2
2020-12-04T12:06:19.562584: acquiring lock of worker 3
2020-12-04T12:06:19.562908: releasing lock of worker 1
2020-12-04T12:06:19.563131: releasing lock of worker 2
2020-12-04T12:06:19.563348: releasing lock of worker 3
2020-12-04T12:06:19.563559: RUN_TASK: running task 2_M3 on worker 3
2020-12-04T12:06:19.563851: Connecting to worker <Worker id=3 127.0.0.1:4003 slots=3>
2020-12-04T12:06:19.564395: Sent data to worker
2020-12-04T12:06:20.161922: Connected by ('127.0.0.1', 37368)
2020-12-04T12:06:20.162659: TASK_DONE: Completed task 0_M1 on worker 2
2020-12-04T12:06:21.160839: Connected by ('127.0.0.1', 37370)
2020-12-04T12:06:21.161433: TASK_DONE: Completed task 0_M0 on worker 1
2020-12-04T12:06:21.163216: Connected by ('127.0.0.1', 37372)
2020-12-04T12:06:21.163880: TASK_DONE: Completed task 0_M2 on worker 3
2020-12-04T12:06:21.560424: Connected by ('127.0.0.1', 37374)
2020-12-04T12:06:21.561205: TASK_DONE: Completed task 2_M0 on worker 3
2020-12-04T12:06:22.563748: Connected by ('127.0.0.1', 37376)
2020-12-04T12:06:22.564488: TASK_DONE: Completed task 2_M1 on worker 1
2020-12-04T12:06:23.164847: Connected by ('127.0.0.1', 37378)
2020-12-04T12:06:23.165515: TASK_DONE: Completed task 0_M3 on worker 1
2020-12-04T12:06:23.165931: acquiring lock of worker 1
2020-12-04T12:06:23.166210: acquiring lock of worker 2
2020-12-04T12:06:23.166507: acquiring lock of worker 3
2020-12-04T12:06:23.166835: releasing lock of worker 1
2020-12-04T12:06:23.167033: releasing lock of worker 2
2020-12-04T12:06:23.167263: releasing lock of worker 3
2020-12-04T12:06:23.167433: RUN_TASK: running task 0_R0 on worker 1
2020-12-04T12:06:23.167669: Connecting to worker <Worker id=1 127.0.0.1:4001 slots=5>
2020-12-04T12:06:23.168234: Sent data to worker
2020-12-04T12:06:23.439865: Connected by ('127.0.0.1', 37382)
2020-12-04T12:06:23.440679: TASK_DONE: Completed task 1_M0 on worker 2
2020-12-04T12:06:23.441484: acquiring lock of worker 1
2020-12-04T12:06:23.442046: acquiring lock of worker 2
2020-12-04T12:06:23.442284: acquiring lock of worker 3
2020-12-04T12:06:23.442498: releasing lock of worker 1
2020-12-04T12:06:23.442800: releasing lock of worker 2
2020-12-04T12:06:23.443105: releasing lock of worker 3
2020-12-04T12:06:23.443301: RUN_TASK: running task 1_R0 on worker 2
2020-12-04T12:06:23.443571: Connecting to worker <Worker id=2 127.0.0.1:4002 slots=7>
2020-12-04T12:06:23.444072: Sent data to worker
2020-12-04T12:06:23.569309: Connected by ('127.0.0.1', 37386)
2020-12-04T12:06:23.569986: TASK_DONE: Completed task 2_M2 on worker 2
2020-12-04T12:06:23.570225: Connected by ('127.0.0.1', 37388)
2020-12-04T12:06:23.570948: TASK_DONE: Completed task 2_M3 on worker 3
2020-12-04T12:06:23.571307: acquiring lock of worker 1
2020-12-04T12:06:23.571628: acquiring lock of worker 2
2020-12-04T12:06:23.571895: acquiring lock of worker 3
2020-12-04T12:06:23.572114: releasing lock of worker 1
2020-12-04T12:06:23.572508: releasing lock of worker 2
2020-12-04T12:06:23.572708: releasing lock of worker 3
2020-12-04T12:06:23.572897: RUN_TASK: running task 2_R0 on worker 3
2020-12-04T12:06:23.573151: Connecting to worker <Worker id=3 127.0.0.1:4003 slots=3>
2020-12-04T12:06:23.573631: Sent data to worker
2020-12-04T12:06:24.447487: Connected by ('127.0.0.1', 37392)
2020-12-04T12:06:24.448109: TASK_DONE: Completed task 1_R0 on worker 2
2020-12-04T12:06:26.577941: Connected by ('127.0.0.1', 37394)
2020-12-04T12:06:26.578618: TASK_DONE: Completed task 2_R0 on worker 3
2020-12-04T12:06:27.174987: Connected by ('127.0.0.1', 37396)
2020-12-04T12:06:27.175784: TASK_DONE: Completed task 0_R0 on worker 1
