2020-12-04T12:07:30.476973: Starting client requests thread.
2020-12-04T12:07:30.479446: Started listening for messages from worker nodes
2020-12-04T12:07:56.159933: Connected by ('127.0.0.1', 46832)
2020-12-04T12:07:56.160150: NEW_JOB: Got query with job id 0 JOB {'job_id': '0', 'map_tasks': [{'job_id': '0', 'task_id': '0_M0', 'duration': 2}, {'job_id': '0', 'task_id': '0_M1', 'duration': 1}, {'job_id': '0', 'task_id': '0_M2', 'duration': 4}], 'reduce_tasks': [{'job_id': '0', 'task_id': '0_R0', 'duration': 2}]}
2020-12-04T12:07:56.160319: acquiring lock of worker 1
2020-12-04T12:07:56.160428: acquiring lock of worker 2
2020-12-04T12:07:56.160473: acquiring lock of worker 3
2020-12-04T12:07:56.160514: releasing lock of worker 1
2020-12-04T12:07:56.160555: releasing lock of worker 2
2020-12-04T12:07:56.160592: releasing lock of worker 3
2020-12-04T12:07:56.160629: RUN_TASK: running task 0_M0 on worker 2
2020-12-04T12:07:56.160682: Connecting to worker <Worker id=2 127.0.0.1:4002 slots=7>
2020-12-04T12:07:56.160823: Sent data to worker
2020-12-04T12:07:56.160900: acquiring lock of worker 1
2020-12-04T12:07:56.160975: acquiring lock of worker 2
2020-12-04T12:07:56.161031: acquiring lock of worker 3
2020-12-04T12:07:56.161088: releasing lock of worker 1
2020-12-04T12:07:56.161148: releasing lock of worker 2
2020-12-04T12:07:56.161190: releasing lock of worker 3
2020-12-04T12:07:56.161243: RUN_TASK: running task 0_M1 on worker 2
2020-12-04T12:07:56.161297: Connecting to worker <Worker id=2 127.0.0.1:4002 slots=7>
2020-12-04T12:07:56.161397: Sent data to worker
2020-12-04T12:07:56.161451: acquiring lock of worker 1
2020-12-04T12:07:56.161497: acquiring lock of worker 2
2020-12-04T12:07:56.161556: acquiring lock of worker 3
2020-12-04T12:07:56.161619: releasing lock of worker 1
2020-12-04T12:07:56.161661: releasing lock of worker 2
2020-12-04T12:07:56.161701: releasing lock of worker 3
2020-12-04T12:07:56.161742: RUN_TASK: running task 0_M2 on worker 1
2020-12-04T12:07:56.161810: Connecting to worker <Worker id=1 127.0.0.1:4001 slots=5>
2020-12-04T12:07:56.161939: Sent data to worker
2020-12-04T12:07:57.162703: Connected by ('127.0.0.1', 37410)
2020-12-04T12:07:57.163708: TASK_DONE: Completed task 0_M1 on worker 2
2020-12-04T12:07:57.598452: Connected by ('127.0.0.1', 46842)
2020-12-04T12:07:57.599117: NEW_JOB: Got query with job id 1 JOB {'job_id': '1', 'map_tasks': [{'job_id': '1', 'task_id': '1_M0', 'duration': 2}, {'job_id': '1', 'task_id': '1_M1', 'duration': 1}, {'job_id': '1', 'task_id': '1_M2', 'duration': 3}], 'reduce_tasks': [{'job_id': '1', 'task_id': '1_R0', 'duration': 2}]}
2020-12-04T12:07:57.599640: acquiring lock of worker 1
2020-12-04T12:07:57.600349: acquiring lock of worker 2
2020-12-04T12:07:57.600708: acquiring lock of worker 3
2020-12-04T12:07:57.601054: releasing lock of worker 1
2020-12-04T12:07:57.601381: releasing lock of worker 2
2020-12-04T12:07:57.601727: releasing lock of worker 3
2020-12-04T12:07:57.602045: RUN_TASK: running task 1_M0 on worker 2
2020-12-04T12:07:57.602577: Connecting to worker <Worker id=2 127.0.0.1:4002 slots=7>
2020-12-04T12:07:57.603365: Sent data to worker
2020-12-04T12:07:57.604205: acquiring lock of worker 1
2020-12-04T12:07:57.604598: acquiring lock of worker 2
2020-12-04T12:07:57.604946: acquiring lock of worker 3
2020-12-04T12:07:57.605291: releasing lock of worker 1
2020-12-04T12:07:57.605633: releasing lock of worker 2
2020-12-04T12:07:57.605944: releasing lock of worker 3
2020-12-04T12:07:57.606247: RUN_TASK: running task 1_M1 on worker 2
2020-12-04T12:07:57.606767: Connecting to worker <Worker id=2 127.0.0.1:4002 slots=7>
2020-12-04T12:07:57.607546: Sent data to worker
2020-12-04T12:07:57.607920: acquiring lock of worker 1
2020-12-04T12:07:57.608282: acquiring lock of worker 2
2020-12-04T12:07:57.608626: acquiring lock of worker 3
2020-12-04T12:07:57.608940: releasing lock of worker 1
2020-12-04T12:07:57.609222: releasing lock of worker 2
2020-12-04T12:07:57.609506: releasing lock of worker 3
2020-12-04T12:07:57.609796: RUN_TASK: running task 1_M2 on worker 1
2020-12-04T12:07:57.610204: Connecting to worker <Worker id=1 127.0.0.1:4001 slots=5>
2020-12-04T12:07:57.611326: Sent data to worker
2020-12-04T12:07:58.163951: Connected by ('127.0.0.1', 37420)
2020-12-04T12:07:58.164851: TASK_DONE: Completed task 0_M0 on worker 2
2020-12-04T12:07:58.610363: Connected by ('127.0.0.1', 37422)
2020-12-04T12:07:58.610667: TASK_DONE: Completed task 1_M1 on worker 2
2020-12-04T12:07:59.607072: Connected by ('127.0.0.1', 37424)
2020-12-04T12:07:59.608521: TASK_DONE: Completed task 1_M0 on worker 2
2020-12-04T12:07:59.835752: Connected by ('127.0.0.1', 46856)
2020-12-04T12:07:59.836048: NEW_JOB: Got query with job id 2 JOB {'job_id': '2', 'map_tasks': [{'job_id': '2', 'task_id': '2_M0', 'duration': 3}, {'job_id': '2', 'task_id': '2_M1', 'duration': 2}, {'job_id': '2', 'task_id': '2_M2', 'duration': 4}], 'reduce_tasks': [{'job_id': '2', 'task_id': '2_R0', 'duration': 1}, {'job_id': '2', 'task_id': '2_R1', 'duration': 1}]}
2020-12-04T12:07:59.836221: acquiring lock of worker 1
2020-12-04T12:07:59.836315: acquiring lock of worker 2
2020-12-04T12:07:59.836377: acquiring lock of worker 3
2020-12-04T12:07:59.836434: releasing lock of worker 1
2020-12-04T12:07:59.836482: releasing lock of worker 2
2020-12-04T12:07:59.836524: releasing lock of worker 3
2020-12-04T12:07:59.836569: RUN_TASK: running task 2_M0 on worker 2
2020-12-04T12:07:59.836655: Connecting to worker <Worker id=2 127.0.0.1:4002 slots=7>
2020-12-04T12:07:59.837234: Sent data to worker
2020-12-04T12:07:59.837506: acquiring lock of worker 1
2020-12-04T12:07:59.837586: acquiring lock of worker 2
2020-12-04T12:07:59.837673: acquiring lock of worker 3
2020-12-04T12:07:59.837791: releasing lock of worker 1
2020-12-04T12:07:59.837884: releasing lock of worker 2
2020-12-04T12:07:59.837973: releasing lock of worker 3
2020-12-04T12:07:59.838061: RUN_TASK: running task 2_M1 on worker 2
2020-12-04T12:07:59.838202: Connecting to worker <Worker id=2 127.0.0.1:4002 slots=7>
2020-12-04T12:07:59.838640: Sent data to worker
2020-12-04T12:07:59.838924: acquiring lock of worker 1
2020-12-04T12:07:59.839139: acquiring lock of worker 2
2020-12-04T12:07:59.839265: acquiring lock of worker 3
2020-12-04T12:07:59.839366: releasing lock of worker 1
2020-12-04T12:07:59.839453: releasing lock of worker 2
2020-12-04T12:07:59.839539: releasing lock of worker 3
2020-12-04T12:07:59.839610: RUN_TASK: running task 2_M2 on worker 2
2020-12-04T12:07:59.839706: Connecting to worker <Worker id=2 127.0.0.1:4002 slots=7>
2020-12-04T12:07:59.839951: Sent data to worker
2020-12-04T12:08:00.166395: Connected by ('127.0.0.1', 37434)
2020-12-04T12:08:00.166580: TASK_DONE: Completed task 0_M2 on worker 1
2020-12-04T12:08:00.166712: acquiring lock of worker 1
2020-12-04T12:08:00.166779: acquiring lock of worker 2
2020-12-04T12:08:00.166823: acquiring lock of worker 3
2020-12-04T12:08:00.166866: releasing lock of worker 1
2020-12-04T12:08:00.166904: releasing lock of worker 2
2020-12-04T12:08:00.166941: releasing lock of worker 3
2020-12-04T12:08:00.166978: RUN_TASK: running task 0_R0 on worker 1
2020-12-04T12:08:00.167035: Connecting to worker <Worker id=1 127.0.0.1:4001 slots=5>
2020-12-04T12:08:00.167147: Sent data to worker
2020-12-04T12:08:00.616220: Connected by ('127.0.0.1', 37438)
2020-12-04T12:08:00.616926: TASK_DONE: Completed task 1_M2 on worker 1
2020-12-04T12:08:00.617436: acquiring lock of worker 1
2020-12-04T12:08:00.617744: acquiring lock of worker 2
2020-12-04T12:08:00.618119: acquiring lock of worker 3
2020-12-04T12:08:00.618687: releasing lock of worker 1
2020-12-04T12:08:00.619271: releasing lock of worker 2
2020-12-04T12:08:00.619934: releasing lock of worker 3
2020-12-04T12:08:00.620561: RUN_TASK: running task 1_R0 on worker 1
2020-12-04T12:08:00.621338: Connecting to worker <Worker id=1 127.0.0.1:4001 slots=5>
2020-12-04T12:08:00.622740: Sent data to worker
2020-12-04T12:08:01.842762: Connected by ('127.0.0.1', 37442)
2020-12-04T12:08:01.843849: TASK_DONE: Completed task 2_M1 on worker 2
2020-12-04T12:08:02.170375: Connected by ('127.0.0.1', 37444)
2020-12-04T12:08:02.171088: TASK_DONE: Completed task 0_R0 on worker 1
2020-12-04T12:08:02.627414: Connected by ('127.0.0.1', 37446)
2020-12-04T12:08:02.628626: TASK_DONE: Completed task 1_R0 on worker 1
2020-12-04T12:08:02.841143: Connected by ('127.0.0.1', 37448)
2020-12-04T12:08:02.842151: TASK_DONE: Completed task 2_M0 on worker 2
2020-12-04T12:08:03.845371: Connected by ('127.0.0.1', 37450)
2020-12-04T12:08:03.846221: TASK_DONE: Completed task 2_M2 on worker 2
2020-12-04T12:08:03.847204: acquiring lock of worker 1
2020-12-04T12:08:03.847688: acquiring lock of worker 2
2020-12-04T12:08:03.847979: acquiring lock of worker 3
2020-12-04T12:08:03.848225: releasing lock of worker 1
2020-12-04T12:08:03.848496: releasing lock of worker 2
2020-12-04T12:08:03.848664: releasing lock of worker 3
2020-12-04T12:08:03.848834: RUN_TASK: running task 2_R0 on worker 2
2020-12-04T12:08:03.849104: Connecting to worker <Worker id=2 127.0.0.1:4002 slots=7>
2020-12-04T12:08:03.849740: Sent data to worker
2020-12-04T12:08:03.850257: acquiring lock of worker 1
2020-12-04T12:08:03.850765: acquiring lock of worker 2
2020-12-04T12:08:03.851218: acquiring lock of worker 3
2020-12-04T12:08:03.851701: releasing lock of worker 1
2020-12-04T12:08:03.852113: releasing lock of worker 2
2020-12-04T12:08:03.852371: releasing lock of worker 3
2020-12-04T12:08:03.852559: RUN_TASK: running task 2_R1 on worker 2
2020-12-04T12:08:03.852961: Connecting to worker <Worker id=2 127.0.0.1:4002 slots=7>
2020-12-04T12:08:03.853688: Sent data to worker
2020-12-04T12:08:04.852679: Connected by ('127.0.0.1', 37456)
2020-12-04T12:08:04.854121: TASK_DONE: Completed task 2_R0 on worker 2
2020-12-04T12:08:04.858023: Connected by ('127.0.0.1', 37458)
2020-12-04T12:08:04.859251: TASK_DONE: Completed task 2_R1 on worker 2
2020-12-04T12:17:22.503225: Connected by ('127.0.0.1', 46912)
2020-12-04T12:17:22.503559: NEW_JOB: Got query with job id 0 JOB {'job_id': '0', 'map_tasks': [{'job_id': '0', 'task_id': '0_M0', 'duration': 2}, {'job_id': '0', 'task_id': '0_M1', 'duration': 1}, {'job_id': '0', 'task_id': '0_M2', 'duration': 3}, {'job_id': '0', 'task_id': '0_M3', 'duration': 2}], 'reduce_tasks': [{'job_id': '0', 'task_id': '0_R0', 'duration': 4}, {'job_id': '0', 'task_id': '0_R1', 'duration': 3}]}
2020-12-04T12:17:22.503765: acquiring lock of worker 1
2020-12-04T12:17:22.503872: acquiring lock of worker 2
2020-12-04T12:17:22.503935: acquiring lock of worker 3
2020-12-04T12:17:22.503992: releasing lock of worker 1
2020-12-04T12:17:22.504043: releasing lock of worker 2
2020-12-04T12:17:22.504092: releasing lock of worker 3
2020-12-04T12:17:22.504140: RUN_TASK: running task 0_M0 on worker 2
2020-12-04T12:17:22.504212: Connecting to worker <Worker id=2 127.0.0.1:4002 slots=7>
2020-12-04T12:17:22.504361: Sent data to worker
2020-12-04T12:17:22.504431: acquiring lock of worker 1
2020-12-04T12:17:22.504484: acquiring lock of worker 2
2020-12-04T12:17:22.504533: acquiring lock of worker 3
2020-12-04T12:17:22.504583: releasing lock of worker 1
2020-12-04T12:17:22.504632: releasing lock of worker 2
2020-12-04T12:17:22.504679: releasing lock of worker 3
2020-12-04T12:17:22.504727: RUN_TASK: running task 0_M1 on worker 2
2020-12-04T12:17:22.504795: Connecting to worker <Worker id=2 127.0.0.1:4002 slots=7>
2020-12-04T12:17:22.504940: Sent data to worker
2020-12-04T12:17:22.505009: acquiring lock of worker 1
2020-12-04T12:17:22.505065: acquiring lock of worker 2
2020-12-04T12:17:22.505124: acquiring lock of worker 3
2020-12-04T12:17:22.505179: releasing lock of worker 1
2020-12-04T12:17:22.505232: releasing lock of worker 2
2020-12-04T12:17:22.505285: releasing lock of worker 3
2020-12-04T12:17:22.505339: RUN_TASK: running task 0_M2 on worker 1
2020-12-04T12:17:22.505410: Connecting to worker <Worker id=1 127.0.0.1:4001 slots=5>
2020-12-04T12:17:22.505544: Sent data to worker
2020-12-04T12:17:22.505614: acquiring lock of worker 1
2020-12-04T12:17:22.505672: acquiring lock of worker 2
2020-12-04T12:17:22.505748: acquiring lock of worker 3
2020-12-04T12:17:22.505808: releasing lock of worker 1
2020-12-04T12:17:22.505863: releasing lock of worker 2
2020-12-04T12:17:22.505926: releasing lock of worker 3
2020-12-04T12:17:22.505980: RUN_TASK: running task 0_M3 on worker 2
2020-12-04T12:17:22.506052: Connecting to worker <Worker id=2 127.0.0.1:4002 slots=7>
2020-12-04T12:17:22.506187: Sent data to worker
2020-12-04T12:17:22.654928: Connected by ('127.0.0.1', 46922)
2020-12-04T12:17:22.655162: NEW_JOB: Got query with job id 1 JOB {'job_id': '1', 'map_tasks': [{'job_id': '1', 'task_id': '1_M0', 'duration': 2}], 'reduce_tasks': [{'job_id': '1', 'task_id': '1_R0', 'duration': 3}, {'job_id': '1', 'task_id': '1_R1', 'duration': 1}]}
2020-12-04T12:17:22.655333: acquiring lock of worker 1
2020-12-04T12:17:22.655409: acquiring lock of worker 2
2020-12-04T12:17:22.655458: acquiring lock of worker 3
2020-12-04T12:17:22.655504: releasing lock of worker 1
2020-12-04T12:17:22.655548: releasing lock of worker 2
2020-12-04T12:17:22.655589: releasing lock of worker 3
2020-12-04T12:17:22.655631: RUN_TASK: running task 1_M0 on worker 1
2020-12-04T12:17:22.655691: Connecting to worker <Worker id=1 127.0.0.1:4001 slots=5>
2020-12-04T12:17:22.655812: Sent data to worker
2020-12-04T12:17:22.989456: Connected by ('127.0.0.1', 46926)
2020-12-04T12:17:22.990233: NEW_JOB: Got query with job id 2 JOB {'job_id': '2', 'map_tasks': [{'job_id': '2', 'task_id': '2_M0', 'duration': 2}, {'job_id': '2', 'task_id': '2_M1', 'duration': 3}], 'reduce_tasks': [{'job_id': '2', 'task_id': '2_R0', 'duration': 2}, {'job_id': '2', 'task_id': '2_R1', 'duration': 3}]}
2020-12-04T12:17:22.990677: acquiring lock of worker 1
2020-12-04T12:17:22.991106: acquiring lock of worker 2
2020-12-04T12:17:22.991405: acquiring lock of worker 3
2020-12-04T12:17:22.991729: releasing lock of worker 1
2020-12-04T12:17:22.992002: releasing lock of worker 2
2020-12-04T12:17:22.992262: releasing lock of worker 3
2020-12-04T12:17:22.992519: RUN_TASK: running task 2_M0 on worker 2
2020-12-04T12:17:22.992883: Connecting to worker <Worker id=2 127.0.0.1:4002 slots=7>
2020-12-04T12:17:22.993841: Sent data to worker
2020-12-04T12:17:22.994358: acquiring lock of worker 1
2020-12-04T12:17:22.994658: acquiring lock of worker 2
2020-12-04T12:17:22.995114: acquiring lock of worker 3
2020-12-04T12:17:22.995411: releasing lock of worker 1
2020-12-04T12:17:22.995692: releasing lock of worker 2
2020-12-04T12:17:22.995988: releasing lock of worker 3
2020-12-04T12:17:22.996278: RUN_TASK: running task 2_M1 on worker 1
2020-12-04T12:17:22.996667: Connecting to worker <Worker id=1 127.0.0.1:4001 slots=5>
2020-12-04T12:17:22.997640: Sent data to worker
2020-12-04T12:17:23.507888: Connected by ('127.0.0.1', 37502)
2020-12-04T12:17:23.508685: TASK_DONE: Completed task 0_M1 on worker 2
2020-12-04T12:17:24.507025: Connected by ('127.0.0.1', 37504)
2020-12-04T12:17:24.507694: TASK_DONE: Completed task 0_M0 on worker 2
2020-12-04T12:17:24.509103: Connected by ('127.0.0.1', 37506)
2020-12-04T12:17:24.509657: TASK_DONE: Completed task 0_M3 on worker 2
2020-12-04T12:17:24.660137: Connected by ('127.0.0.1', 37508)
2020-12-04T12:17:24.660931: TASK_DONE: Completed task 1_M0 on worker 1
2020-12-04T12:17:24.661567: acquiring lock of worker 1
2020-12-04T12:17:24.662017: acquiring lock of worker 2
2020-12-04T12:17:24.662355: acquiring lock of worker 3
2020-12-04T12:17:24.662672: releasing lock of worker 1
2020-12-04T12:17:24.662949: releasing lock of worker 2
2020-12-04T12:17:24.663223: releasing lock of worker 3
2020-12-04T12:17:24.663499: RUN_TASK: running task 1_R0 on worker 2
2020-12-04T12:17:24.663873: Connecting to worker <Worker id=2 127.0.0.1:4002 slots=7>
2020-12-04T12:17:24.664571: Sent data to worker
2020-12-04T12:17:24.664981: acquiring lock of worker 1
2020-12-04T12:17:24.665289: acquiring lock of worker 2
2020-12-04T12:17:24.665654: acquiring lock of worker 3
2020-12-04T12:17:24.665968: releasing lock of worker 1
2020-12-04T12:17:24.666231: releasing lock of worker 2
2020-12-04T12:17:24.666481: releasing lock of worker 3
2020-12-04T12:17:24.666731: RUN_TASK: running task 1_R1 on worker 2
2020-12-04T12:17:24.667094: Connecting to worker <Worker id=2 127.0.0.1:4002 slots=7>
2020-12-04T12:17:24.667832: Sent data to worker
2020-12-04T12:17:24.996901: Connected by ('127.0.0.1', 37514)
2020-12-04T12:17:24.997561: TASK_DONE: Completed task 2_M0 on worker 2
2020-12-04T12:17:25.509360: Connected by ('127.0.0.1', 37516)
2020-12-04T12:17:25.510226: TASK_DONE: Completed task 0_M2 on worker 1
2020-12-04T12:17:25.510736: acquiring lock of worker 1
2020-12-04T12:17:25.511059: acquiring lock of worker 2
2020-12-04T12:17:25.511266: acquiring lock of worker 3
2020-12-04T12:17:25.511448: releasing lock of worker 1
2020-12-04T12:17:25.511656: releasing lock of worker 2
2020-12-04T12:17:25.511821: releasing lock of worker 3
2020-12-04T12:17:25.511985: RUN_TASK: running task 0_R0 on worker 2
2020-12-04T12:17:25.512224: Connecting to worker <Worker id=2 127.0.0.1:4002 slots=7>
2020-12-04T12:17:25.512702: Sent data to worker
2020-12-04T12:17:25.512931: acquiring lock of worker 1
2020-12-04T12:17:25.513125: acquiring lock of worker 2
2020-12-04T12:17:25.513280: acquiring lock of worker 3
2020-12-04T12:17:25.513438: releasing lock of worker 1
2020-12-04T12:17:25.513591: releasing lock of worker 2
2020-12-04T12:17:25.513755: releasing lock of worker 3
2020-12-04T12:17:25.513928: RUN_TASK: running task 0_R1 on worker 1
2020-12-04T12:17:25.514174: Connecting to worker <Worker id=1 127.0.0.1:4001 slots=5>
2020-12-04T12:17:25.514692: Sent data to worker
2020-12-04T12:17:25.670919: Connected by ('127.0.0.1', 37522)
2020-12-04T12:17:25.671661: TASK_DONE: Completed task 1_R1 on worker 2
2020-12-04T12:17:26.002741: Connected by ('127.0.0.1', 37524)
2020-12-04T12:17:26.003433: TASK_DONE: Completed task 2_M1 on worker 1
2020-12-04T12:17:26.003896: acquiring lock of worker 1
2020-12-04T12:17:26.004246: acquiring lock of worker 2
2020-12-04T12:17:26.004506: acquiring lock of worker 3
2020-12-04T12:17:26.004696: releasing lock of worker 1
2020-12-04T12:17:26.004907: releasing lock of worker 2
2020-12-04T12:17:26.005112: releasing lock of worker 3
2020-12-04T12:17:26.005269: RUN_TASK: running task 2_R0 on worker 2
2020-12-04T12:17:26.005493: Connecting to worker <Worker id=2 127.0.0.1:4002 slots=7>
2020-12-04T12:17:26.006030: Sent data to worker
2020-12-04T12:17:26.006306: acquiring lock of worker 1
2020-12-04T12:17:26.006498: acquiring lock of worker 2
2020-12-04T12:17:26.006676: acquiring lock of worker 3
2020-12-04T12:17:26.006855: releasing lock of worker 1
2020-12-04T12:17:26.007083: releasing lock of worker 2
2020-12-04T12:17:26.007280: releasing lock of worker 3
2020-12-04T12:17:26.007436: RUN_TASK: running task 2_R1 on worker 1
2020-12-04T12:17:26.007653: Connecting to worker <Worker id=1 127.0.0.1:4001 slots=5>
2020-12-04T12:17:26.008074: Sent data to worker
2020-12-04T12:17:27.669940: Connected by ('127.0.0.1', 37530)
2020-12-04T12:17:27.670580: TASK_DONE: Completed task 1_R0 on worker 2
2020-12-04T12:17:28.009574: Connected by ('127.0.0.1', 37532)
2020-12-04T12:17:28.011144: TASK_DONE: Completed task 2_R0 on worker 2
2020-12-04T12:17:28.518980: Connected by ('127.0.0.1', 37534)
2020-12-04T12:17:28.519457: TASK_DONE: Completed task 0_R1 on worker 1
2020-12-04T12:17:29.012151: Connected by ('127.0.0.1', 37536)
2020-12-04T12:17:29.012774: TASK_DONE: Completed task 2_R1 on worker 1
2020-12-04T12:17:29.518504: Connected by ('127.0.0.1', 37538)
2020-12-04T12:17:29.519794: TASK_DONE: Completed task 0_R0 on worker 2
