2020-12-04T12:03:19.332623: Starting client requests thread.
2020-12-04T12:03:19.333052: Started listening for messages from worker nodes
2020-12-04T12:03:23.181565: Connected by ('127.0.0.1', 46714)
2020-12-04T12:03:23.181806: NEW_JOB: Got query with job id 0 JOB {'job_id': '0', 'map_tasks': [{'job_id': '0', 'task_id': '0_M0', 'duration': 1}], 'reduce_tasks': [{'job_id': '0', 'task_id': '0_R0', 'duration': 3}, {'job_id': '0', 'task_id': '0_R1', 'duration': 4}]}
2020-12-04T12:03:23.181920: acquiring lock of worker 1
2020-12-04T12:03:23.182070: acquiring lock of worker 2
2020-12-04T12:03:23.182121: acquiring lock of worker 3
2020-12-04T12:03:23.182178: releasing lock of worker 1
2020-12-04T12:03:23.182233: releasing lock of worker 2
2020-12-04T12:03:23.182273: releasing lock of worker 3
2020-12-04T12:03:23.182313: RUN_TASK: running task 0_M0 on worker 2
2020-12-04T12:03:23.182409: Connecting to worker <Worker id=2 127.0.0.1:4002 slots=7>
2020-12-04T12:03:23.182549: Sent data to worker
2020-12-04T12:03:24.184677: Connected by ('127.0.0.1', 37290)
2020-12-04T12:03:24.185175: TASK_DONE: Completed task 0_M0 on worker 2
2020-12-04T12:03:24.185437: acquiring lock of worker 1
2020-12-04T12:03:24.185581: acquiring lock of worker 2
2020-12-04T12:03:24.185747: acquiring lock of worker 3
2020-12-04T12:03:24.185864: releasing lock of worker 1
2020-12-04T12:03:24.185956: releasing lock of worker 2
2020-12-04T12:03:24.186043: releasing lock of worker 3
2020-12-04T12:03:24.186135: RUN_TASK: running task 0_R0 on worker 3
2020-12-04T12:03:24.186270: Connecting to worker <Worker id=3 127.0.0.1:4003 slots=3>
2020-12-04T12:03:24.186546: Sent data to worker
2020-12-04T12:03:24.186671: acquiring lock of worker 1
2020-12-04T12:03:24.186767: acquiring lock of worker 2
2020-12-04T12:03:24.186856: acquiring lock of worker 3
2020-12-04T12:03:24.186955: releasing lock of worker 1
2020-12-04T12:03:24.187052: releasing lock of worker 2
2020-12-04T12:03:24.187155: releasing lock of worker 3
2020-12-04T12:03:24.187267: RUN_TASK: running task 0_R1 on worker 1
2020-12-04T12:03:24.187450: Connecting to worker <Worker id=1 127.0.0.1:4001 slots=5>
2020-12-04T12:03:24.187766: Sent data to worker
2020-12-04T12:03:26.971602: Connected by ('127.0.0.1', 46726)
2020-12-04T12:03:26.972642: NEW_JOB: Got query with job id 1 JOB {'job_id': '1', 'map_tasks': [{'job_id': '1', 'task_id': '1_M0', 'duration': 1}, {'job_id': '1', 'task_id': '1_M1', 'duration': 1}, {'job_id': '1', 'task_id': '1_M2', 'duration': 3}], 'reduce_tasks': [{'job_id': '1', 'task_id': '1_R0', 'duration': 2}, {'job_id': '1', 'task_id': '1_R1', 'duration': 1}]}
2020-12-04T12:03:26.973270: acquiring lock of worker 1
2020-12-04T12:03:26.973673: acquiring lock of worker 2
2020-12-04T12:03:26.973946: acquiring lock of worker 3
2020-12-04T12:03:26.974235: releasing lock of worker 1
2020-12-04T12:03:26.974515: releasing lock of worker 2
2020-12-04T12:03:26.974990: releasing lock of worker 3
2020-12-04T12:03:26.975226: RUN_TASK: running task 1_M0 on worker 1
2020-12-04T12:03:26.975479: Connecting to worker <Worker id=1 127.0.0.1:4001 slots=5>
2020-12-04T12:03:26.976037: Sent data to worker
2020-12-04T12:03:26.976412: acquiring lock of worker 1
2020-12-04T12:03:26.976743: acquiring lock of worker 2
2020-12-04T12:03:26.977068: acquiring lock of worker 3
2020-12-04T12:03:26.977404: releasing lock of worker 1
2020-12-04T12:03:26.977674: releasing lock of worker 2
2020-12-04T12:03:26.977868: releasing lock of worker 3
2020-12-04T12:03:26.978035: RUN_TASK: running task 1_M1 on worker 3
2020-12-04T12:03:26.978272: Connecting to worker <Worker id=3 127.0.0.1:4003 slots=3>
2020-12-04T12:03:26.978779: Sent data to worker
2020-12-04T12:03:26.979004: acquiring lock of worker 1
2020-12-04T12:03:26.979258: acquiring lock of worker 2
2020-12-04T12:03:26.979536: acquiring lock of worker 3
2020-12-04T12:03:26.979797: releasing lock of worker 1
2020-12-04T12:03:26.980126: releasing lock of worker 2
2020-12-04T12:03:26.980441: releasing lock of worker 3
2020-12-04T12:03:26.980640: RUN_TASK: running task 1_M2 on worker 2
2020-12-04T12:03:26.980898: Connecting to worker <Worker id=2 127.0.0.1:4002 slots=7>
2020-12-04T12:03:26.981414: Sent data to worker
2020-12-04T12:03:27.189325: Connected by ('127.0.0.1', 37304)
2020-12-04T12:03:27.189618: TASK_DONE: Completed task 0_R0 on worker 3
2020-12-04T12:03:27.577586: Connected by ('127.0.0.1', 46736)
2020-12-04T12:03:27.578264: NEW_JOB: Got query with job id 2 JOB {'job_id': '2', 'map_tasks': [{'job_id': '2', 'task_id': '2_M0', 'duration': 4}, {'job_id': '2', 'task_id': '2_M1', 'duration': 1}], 'reduce_tasks': [{'job_id': '2', 'task_id': '2_R0', 'duration': 3}, {'job_id': '2', 'task_id': '2_R1', 'duration': 3}]}
2020-12-04T12:03:27.578774: acquiring lock of worker 1
2020-12-04T12:03:27.579166: acquiring lock of worker 2
2020-12-04T12:03:27.579437: acquiring lock of worker 3
2020-12-04T12:03:27.579631: releasing lock of worker 1
2020-12-04T12:03:27.579795: releasing lock of worker 2
2020-12-04T12:03:27.579955: releasing lock of worker 3
2020-12-04T12:03:27.580111: RUN_TASK: running task 2_M0 on worker 2
2020-12-04T12:03:27.580336: Connecting to worker <Worker id=2 127.0.0.1:4002 slots=7>
2020-12-04T12:03:27.580801: Sent data to worker
2020-12-04T12:03:27.581034: acquiring lock of worker 1
2020-12-04T12:03:27.581222: acquiring lock of worker 2
2020-12-04T12:03:27.581398: acquiring lock of worker 3
2020-12-04T12:03:27.581590: releasing lock of worker 1
2020-12-04T12:03:27.581790: releasing lock of worker 2
2020-12-04T12:03:27.581944: releasing lock of worker 3
2020-12-04T12:03:27.582111: RUN_TASK: running task 2_M1 on worker 1
2020-12-04T12:03:27.582359: Connecting to worker <Worker id=1 127.0.0.1:4001 slots=5>
2020-12-04T12:03:27.582992: Sent data to worker
2020-12-04T12:03:27.979187: Connected by ('127.0.0.1', 37312)
2020-12-04T12:03:27.979505: TASK_DONE: Completed task 1_M0 on worker 1
2020-12-04T12:03:27.981527: Connected by ('127.0.0.1', 37314)
2020-12-04T12:03:27.981883: TASK_DONE: Completed task 1_M1 on worker 3
2020-12-04T12:03:28.193425: Connected by ('127.0.0.1', 37316)
2020-12-04T12:03:28.194114: TASK_DONE: Completed task 0_R1 on worker 1
2020-12-04T12:03:28.585527: Connected by ('127.0.0.1', 37318)
2020-12-04T12:03:28.585915: TASK_DONE: Completed task 2_M1 on worker 1
2020-12-04T12:03:29.985744: Connected by ('127.0.0.1', 37320)
2020-12-04T12:03:29.986374: TASK_DONE: Completed task 1_M2 on worker 2
2020-12-04T12:03:29.986835: acquiring lock of worker 1
2020-12-04T12:03:29.987025: acquiring lock of worker 2
2020-12-04T12:03:29.987162: acquiring lock of worker 3
2020-12-04T12:03:29.987302: releasing lock of worker 1
2020-12-04T12:03:29.987427: releasing lock of worker 2
2020-12-04T12:03:29.987545: releasing lock of worker 3
2020-12-04T12:03:29.987666: RUN_TASK: running task 1_R0 on worker 3
2020-12-04T12:03:29.987840: Connecting to worker <Worker id=3 127.0.0.1:4003 slots=3>
2020-12-04T12:03:29.988181: Sent data to worker
2020-12-04T12:03:29.988376: acquiring lock of worker 1
2020-12-04T12:03:29.988510: acquiring lock of worker 2
2020-12-04T12:03:29.988630: acquiring lock of worker 3
2020-12-04T12:03:29.988760: releasing lock of worker 1
2020-12-04T12:03:29.988882: releasing lock of worker 2
2020-12-04T12:03:29.989006: releasing lock of worker 3
2020-12-04T12:03:29.989213: RUN_TASK: running task 1_R1 on worker 2
2020-12-04T12:03:29.989399: Connecting to worker <Worker id=2 127.0.0.1:4002 slots=7>
2020-12-04T12:03:29.989736: Sent data to worker
2020-12-04T12:03:30.992402: Connected by ('127.0.0.1', 37326)
2020-12-04T12:03:30.992974: TASK_DONE: Completed task 1_R1 on worker 2
2020-12-04T12:03:31.585888: Connected by ('127.0.0.1', 37328)
2020-12-04T12:03:31.586487: TASK_DONE: Completed task 2_M0 on worker 2
2020-12-04T12:03:31.587039: acquiring lock of worker 1
2020-12-04T12:03:31.587346: acquiring lock of worker 2
2020-12-04T12:03:31.587543: acquiring lock of worker 3
2020-12-04T12:03:31.587724: releasing lock of worker 1
2020-12-04T12:03:31.587852: releasing lock of worker 2
2020-12-04T12:03:31.587969: releasing lock of worker 3
2020-12-04T12:03:31.588088: RUN_TASK: running task 2_R0 on worker 2
2020-12-04T12:03:31.588303: Connecting to worker <Worker id=2 127.0.0.1:4002 slots=7>
2020-12-04T12:03:31.588766: Sent data to worker
2020-12-04T12:03:31.589003: acquiring lock of worker 1
2020-12-04T12:03:31.589142: acquiring lock of worker 2
2020-12-04T12:03:31.589267: acquiring lock of worker 3
2020-12-04T12:03:31.589403: releasing lock of worker 1
2020-12-04T12:03:31.589524: releasing lock of worker 2
2020-12-04T12:03:31.589645: releasing lock of worker 3
2020-12-04T12:03:31.589792: RUN_TASK: running task 2_R1 on worker 1
2020-12-04T12:03:31.589958: Connecting to worker <Worker id=1 127.0.0.1:4001 slots=5>
2020-12-04T12:03:31.590245: Sent data to worker
2020-12-04T12:03:31.992094: Connected by ('127.0.0.1', 37334)
2020-12-04T12:03:31.992629: TASK_DONE: Completed task 1_R0 on worker 3
2020-12-04T12:03:34.592461: Connected by ('127.0.0.1', 37336)
2020-12-04T12:03:34.593170: TASK_DONE: Completed task 2_R0 on worker 2
2020-12-04T12:03:34.594305: Connected by ('127.0.0.1', 37338)
2020-12-04T12:03:34.594736: TASK_DONE: Completed task 2_R1 on worker 1
