2020-12-04T22:56:25.795320: Starting client requests thread.
2020-12-04T22:56:25.796029: Started listening for messages from worker nodes
2020-12-04T22:57:15.342495: NEW_JOB: Got query with job id 0 JOB {'job_id': '0', 'map_tasks': [{'job_id': '0', 'task_id': '0_M0', 'duration': 1}, {'job_id': '0', 'task_id': '0_M1', 'duration': 1}], 'reduce_tasks': [{'job_id': '0', 'task_id': '0_R0', 'duration': 1}]}
2020-12-04T22:57:15.343055: acquiring locks of workers
2020-12-04T22:57:15.343398: acquired locks of workers
2020-12-04T22:57:15.343677: releasing locks of workers
2020-12-04T22:57:15.343914: released locks of workers
2020-12-04T22:57:15.344442: RUN_TASK: running task 0_M0 on worker 3
2020-12-04T22:57:15.344682: acquiring locks of workers
2020-12-04T22:57:15.344849: acquired locks of workers
2020-12-04T22:57:15.345009: releasing locks of workers
2020-12-04T22:57:15.345210: released locks of workers
2020-12-04T22:57:15.346061: RUN_TASK: running task 0_M1 on worker 2
2020-12-04T22:57:15.393323: NEW_JOB: Got query with job id 1 JOB {'job_id': '1', 'map_tasks': [{'job_id': '1', 'task_id': '1_M0', 'duration': 3}, {'job_id': '1', 'task_id': '1_M1', 'duration': 1}], 'reduce_tasks': [{'job_id': '1', 'task_id': '1_R0', 'duration': 1}, {'job_id': '1', 'task_id': '1_R1', 'duration': 2}]}
2020-12-04T22:57:15.393652: acquiring locks of workers
2020-12-04T22:57:15.393828: acquired locks of workers
2020-12-04T22:57:15.393937: releasing locks of workers
2020-12-04T22:57:15.394026: released locks of workers
2020-12-04T22:57:15.394297: RUN_TASK: running task 1_M0 on worker 2
2020-12-04T22:57:15.394419: acquiring locks of workers
2020-12-04T22:57:15.394506: acquired locks of workers
2020-12-04T22:57:15.394593: releasing locks of workers
2020-12-04T22:57:15.394702: released locks of workers
2020-12-04T22:57:15.395180: RUN_TASK: running task 1_M1 on worker 3
2020-12-04T22:57:15.617063: NEW_JOB: Got query with job id 2 JOB {'job_id': '2', 'map_tasks': [{'job_id': '2', 'task_id': '2_M0', 'duration': 1}, {'job_id': '2', 'task_id': '2_M1', 'duration': 1}], 'reduce_tasks': [{'job_id': '2', 'task_id': '2_R0', 'duration': 3}]}
2020-12-04T22:57:15.617626: acquiring locks of workers
2020-12-04T22:57:15.617929: acquired locks of workers
2020-12-04T22:57:15.618146: releasing locks of workers
2020-12-04T22:57:15.618358: released locks of workers
2020-12-04T22:57:15.618919: RUN_TASK: running task 2_M0 on worker 2
2020-12-04T22:57:15.619158: acquiring locks of workers
2020-12-04T22:57:15.619690: acquired locks of workers
2020-12-04T22:57:15.619965: releasing locks of workers
2020-12-04T22:57:15.620172: released locks of workers
2020-12-04T22:57:15.620725: RUN_TASK: running task 2_M1 on worker 2
2020-12-04T22:57:15.829567: NEW_JOB: Got query with job id 3 JOB {'job_id': '3', 'map_tasks': [{'job_id': '3', 'task_id': '3_M0', 'duration': 2}], 'reduce_tasks': [{'job_id': '3', 'task_id': '3_R0', 'duration': 2}]}
2020-12-04T22:57:15.829857: acquiring locks of workers
2020-12-04T22:57:15.829998: acquired locks of workers
2020-12-04T22:57:15.830089: releasing locks of workers
2020-12-04T22:57:15.830163: released locks of workers
2020-12-04T22:57:15.830422: RUN_TASK: running task 3_M0 on worker 2
2020-12-04T22:57:16.348081: TASK_DONE: Completed task 0_M0 on worker 3
2020-12-04T22:57:16.351574: TASK_DONE: Completed task 0_M1 on worker 2
2020-12-04T22:57:16.352081: acquiring locks of workers
2020-12-04T22:57:16.352526: acquired locks of workers
2020-12-04T22:57:16.352873: releasing locks of workers
2020-12-04T22:57:16.353497: released locks of workers
2020-12-04T22:57:16.354099: RUN_TASK: running task 0_R0 on worker 1
2020-12-04T22:57:16.397403: TASK_DONE: Completed task 1_M1 on worker 3
2020-12-04T22:57:16.597807: NEW_JOB: Got query with job id 4 JOB {'job_id': '4', 'map_tasks': [{'job_id': '4', 'task_id': '4_M0', 'duration': 3}, {'job_id': '4', 'task_id': '4_M1', 'duration': 4}, {'job_id': '4', 'task_id': '4_M2', 'duration': 1}, {'job_id': '4', 'task_id': '4_M3', 'duration': 1}], 'reduce_tasks': [{'job_id': '4', 'task_id': '4_R0', 'duration': 3}, {'job_id': '4', 'task_id': '4_R1', 'duration': 4}]}
2020-12-04T22:57:16.598290: acquiring locks of workers
2020-12-04T22:57:16.598610: acquired locks of workers
2020-12-04T22:57:16.598782: releasing locks of workers
2020-12-04T22:57:16.599007: released locks of workers
2020-12-04T22:57:16.599261: RUN_TASK: running task 4_M0 on worker 1
2020-12-04T22:57:16.599373: acquiring locks of workers
2020-12-04T22:57:16.599474: acquired locks of workers
2020-12-04T22:57:16.599553: releasing locks of workers
2020-12-04T22:57:16.599625: released locks of workers
2020-12-04T22:57:16.599831: RUN_TASK: running task 4_M1 on worker 1
2020-12-04T22:57:16.599938: acquiring locks of workers
2020-12-04T22:57:16.600062: acquired locks of workers
2020-12-04T22:57:16.600187: releasing locks of workers
2020-12-04T22:57:16.600311: released locks of workers
2020-12-04T22:57:16.600623: RUN_TASK: running task 4_M2 on worker 2
2020-12-04T22:57:16.600749: acquiring locks of workers
2020-12-04T22:57:16.600840: acquired locks of workers
2020-12-04T22:57:16.600923: releasing locks of workers
2020-12-04T22:57:16.601003: released locks of workers
2020-12-04T22:57:16.601219: RUN_TASK: running task 4_M3 on worker 1
2020-12-04T22:57:16.622595: TASK_DONE: Completed task 2_M0 on worker 2
2020-12-04T22:57:16.623669: TASK_DONE: Completed task 2_M1 on worker 2
2020-12-04T22:57:16.624260: acquiring locks of workers
2020-12-04T22:57:16.624657: acquired locks of workers
2020-12-04T22:57:16.624920: releasing locks of workers
2020-12-04T22:57:16.625150: released locks of workers
2020-12-04T22:57:16.625869: RUN_TASK: running task 2_R0 on worker 1
2020-12-04T22:57:17.356660: TASK_DONE: Completed task 0_R0 on worker 1
2020-12-04T22:57:17.603289: TASK_DONE: Completed task 4_M2 on worker 2
2020-12-04T22:57:17.604017: TASK_DONE: Completed task 4_M3 on worker 1
2020-12-04T22:57:17.833566: TASK_DONE: Completed task 3_M0 on worker 2
2020-12-04T22:57:17.834135: acquiring locks of workers
2020-12-04T22:57:17.834403: acquired locks of workers
2020-12-04T22:57:17.834967: releasing locks of workers
2020-12-04T22:57:17.835359: released locks of workers
2020-12-04T22:57:17.836205: RUN_TASK: running task 3_R0 on worker 2
2020-12-04T22:57:18.397017: TASK_DONE: Completed task 1_M0 on worker 2
2020-12-04T22:57:18.397509: acquiring locks of workers
2020-12-04T22:57:18.397727: acquired locks of workers
2020-12-04T22:57:18.397887: releasing locks of workers
2020-12-04T22:57:18.398020: released locks of workers
2020-12-04T22:57:18.398432: RUN_TASK: running task 1_R0 on worker 3
2020-12-04T22:57:18.398620: acquiring locks of workers
2020-12-04T22:57:18.398758: acquired locks of workers
2020-12-04T22:57:18.398942: releasing locks of workers
2020-12-04T22:57:18.399076: released locks of workers
2020-12-04T22:57:18.399440: RUN_TASK: running task 1_R1 on worker 1
2020-12-04T22:57:18.873440: NEW_JOB: Got query with job id 5 JOB {'job_id': '5', 'map_tasks': [{'job_id': '5', 'task_id': '5_M0', 'duration': 3}, {'job_id': '5', 'task_id': '5_M1', 'duration': 4}], 'reduce_tasks': [{'job_id': '5', 'task_id': '5_R0', 'duration': 2}, {'job_id': '5', 'task_id': '5_R1', 'duration': 1}]}
2020-12-04T22:57:18.873717: acquiring locks of workers
2020-12-04T22:57:18.873911: acquired locks of workers
2020-12-04T22:57:18.874066: releasing locks of workers
2020-12-04T22:57:18.874223: released locks of workers
2020-12-04T22:57:18.874599: RUN_TASK: running task 5_M0 on worker 1
2020-12-04T22:57:18.874754: acquiring locks of workers
2020-12-04T22:57:18.874878: acquired locks of workers
2020-12-04T22:57:18.875006: releasing locks of workers
2020-12-04T22:57:18.875128: released locks of workers
2020-12-04T22:57:18.875452: RUN_TASK: running task 5_M1 on worker 2
2020-12-04T22:57:19.401321: TASK_DONE: Completed task 1_R0 on worker 3
2020-12-04T22:57:19.602887: TASK_DONE: Completed task 4_M0 on worker 1
2020-12-04T22:57:19.630640: TASK_DONE: Completed task 2_R0 on worker 1
2020-12-04T22:57:19.703197: NEW_JOB: Got query with job id 6 JOB {'job_id': '6', 'map_tasks': [{'job_id': '6', 'task_id': '6_M0', 'duration': 4}, {'job_id': '6', 'task_id': '6_M1', 'duration': 4}], 'reduce_tasks': [{'job_id': '6', 'task_id': '6_R0', 'duration': 2}, {'job_id': '6', 'task_id': '6_R1', 'duration': 3}]}
2020-12-04T22:57:19.703754: acquiring locks of workers
2020-12-04T22:57:19.703993: acquired locks of workers
2020-12-04T22:57:19.704141: releasing locks of workers
2020-12-04T22:57:19.704264: released locks of workers
2020-12-04T22:57:19.704655: RUN_TASK: running task 6_M0 on worker 3
2020-12-04T22:57:19.704825: acquiring locks of workers
2020-12-04T22:57:19.705133: acquired locks of workers
2020-12-04T22:57:19.705306: releasing locks of workers
2020-12-04T22:57:19.705457: released locks of workers
2020-12-04T22:57:19.705859: RUN_TASK: running task 6_M1 on worker 2
2020-12-04T22:57:19.839307: TASK_DONE: Completed task 3_R0 on worker 2
2020-12-04T22:57:20.403740: TASK_DONE: Completed task 1_R1 on worker 1
2020-12-04T22:57:20.604315: TASK_DONE: Completed task 4_M1 on worker 1
2020-12-04T22:57:20.604496: acquiring locks of workers
2020-12-04T22:57:20.604591: acquired locks of workers
2020-12-04T22:57:20.604655: releasing locks of workers
2020-12-04T22:57:20.604710: released locks of workers
2020-12-04T22:57:20.604879: RUN_TASK: running task 4_R0 on worker 3
2020-12-04T22:57:20.604954: acquiring locks of workers
2020-12-04T22:57:20.605008: acquired locks of workers
2020-12-04T22:57:20.605061: releasing locks of workers
2020-12-04T22:57:20.605111: released locks of workers
2020-12-04T22:57:20.605258: RUN_TASK: running task 4_R1 on worker 2
2020-12-04T22:57:20.632535: NEW_JOB: Got query with job id 7 JOB {'job_id': '7', 'map_tasks': [{'job_id': '7', 'task_id': '7_M0', 'duration': 4}, {'job_id': '7', 'task_id': '7_M1', 'duration': 1}, {'job_id': '7', 'task_id': '7_M2', 'duration': 1}], 'reduce_tasks': [{'job_id': '7', 'task_id': '7_R0', 'duration': 2}]}
2020-12-04T22:57:20.632716: acquiring locks of workers
2020-12-04T22:57:20.632801: acquired locks of workers
2020-12-04T22:57:20.632857: releasing locks of workers
2020-12-04T22:57:20.632903: released locks of workers
2020-12-04T22:57:20.633049: RUN_TASK: running task 7_M0 on worker 1
2020-12-04T22:57:20.633114: acquiring locks of workers
2020-12-04T22:57:20.633161: acquired locks of workers
2020-12-04T22:57:20.633207: releasing locks of workers
2020-12-04T22:57:20.633251: released locks of workers
2020-12-04T22:57:20.633387: RUN_TASK: running task 7_M1 on worker 2
2020-12-04T22:57:20.633451: acquiring locks of workers
2020-12-04T22:57:20.633498: acquired locks of workers
2020-12-04T22:57:20.633545: releasing locks of workers
2020-12-04T22:57:20.633588: released locks of workers
2020-12-04T22:57:20.633707: RUN_TASK: running task 7_M2 on worker 2
2020-12-04T22:57:21.635841: TASK_DONE: Completed task 7_M1 on worker 2
2020-12-04T22:57:21.636214: TASK_DONE: Completed task 7_M2 on worker 2
2020-12-04T22:57:21.876299: TASK_DONE: Completed task 5_M0 on worker 1
2020-12-04T22:57:21.887053: NEW_JOB: Got query with job id 8 JOB {'job_id': '8', 'map_tasks': [{'job_id': '8', 'task_id': '8_M0', 'duration': 3}, {'job_id': '8', 'task_id': '8_M1', 'duration': 1}], 'reduce_tasks': [{'job_id': '8', 'task_id': '8_R0', 'duration': 4}, {'job_id': '8', 'task_id': '8_R1', 'duration': 3}]}
2020-12-04T22:57:21.887346: acquiring locks of workers
2020-12-04T22:57:21.887463: acquired locks of workers
2020-12-04T22:57:21.887536: releasing locks of workers
2020-12-04T22:57:21.887597: released locks of workers
2020-12-04T22:57:21.887811: RUN_TASK: running task 8_M0 on worker 2
2020-12-04T22:57:21.887933: acquiring locks of workers
2020-12-04T22:57:21.888037: acquired locks of workers
2020-12-04T22:57:21.888145: releasing locks of workers
2020-12-04T22:57:21.888246: released locks of workers
2020-12-04T22:57:21.888464: RUN_TASK: running task 8_M1 on worker 3
2020-12-04T22:57:21.988758: NEW_JOB: Got query with job id 9 JOB {'job_id': '9', 'map_tasks': [{'job_id': '9', 'task_id': '9_M0', 'duration': 4}, {'job_id': '9', 'task_id': '9_M1', 'duration': 4}, {'job_id': '9', 'task_id': '9_M2', 'duration': 1}, {'job_id': '9', 'task_id': '9_M3', 'duration': 2}], 'reduce_tasks': [{'job_id': '9', 'task_id': '9_R0', 'duration': 4}]}
2020-12-04T22:57:21.989201: acquiring locks of workers
2020-12-04T22:57:21.989462: acquired locks of workers
2020-12-04T22:57:21.989696: releasing locks of workers
2020-12-04T22:57:21.989873: released locks of workers
2020-12-04T22:57:21.990579: RUN_TASK: running task 9_M0 on worker 2
2020-12-04T22:57:21.990825: acquiring locks of workers
2020-12-04T22:57:21.991005: acquired locks of workers
2020-12-04T22:57:21.991196: releasing locks of workers
2020-12-04T22:57:21.991359: released locks of workers
2020-12-04T22:57:21.991878: RUN_TASK: running task 9_M1 on worker 1
2020-12-04T22:57:21.992064: acquiring locks of workers
2020-12-04T22:57:21.992226: acquired locks of workers
2020-12-04T22:57:21.992374: releasing locks of workers
2020-12-04T22:57:21.992508: released locks of workers
2020-12-04T22:57:21.992875: RUN_TASK: running task 9_M2 on worker 1
2020-12-04T22:57:21.993054: acquiring locks of workers
2020-12-04T22:57:21.993195: acquired locks of workers
2020-12-04T22:57:21.993340: releasing locks of workers
2020-12-04T22:57:21.993474: released locks of workers
2020-12-04T22:57:21.994019: RUN_TASK: running task 9_M3 on worker 1
2020-12-04T22:57:22.879488: TASK_DONE: Completed task 5_M1 on worker 2
2020-12-04T22:57:22.879809: acquiring locks of workers
2020-12-04T22:57:22.879919: acquired locks of workers
2020-12-04T22:57:22.880003: releasing locks of workers
2020-12-04T22:57:22.880075: released locks of workers
2020-12-04T22:57:22.880298: RUN_TASK: running task 5_R0 on worker 2
2020-12-04T22:57:22.880398: acquiring locks of workers
2020-12-04T22:57:22.880471: acquired locks of workers
2020-12-04T22:57:22.880543: releasing locks of workers
2020-12-04T22:57:22.880610: released locks of workers
2020-12-04T22:57:22.880803: RUN_TASK: running task 5_R1 on worker 2
2020-12-04T22:57:22.890568: TASK_DONE: Completed task 8_M1 on worker 3
2020-12-04T22:57:22.995144: TASK_DONE: Completed task 9_M2 on worker 1
2020-12-04T22:57:23.609320: TASK_DONE: Completed task 4_R0 on worker 3
2020-12-04T22:57:23.710223: TASK_DONE: Completed task 6_M1 on worker 2
2020-12-04T22:57:23.710992: TASK_DONE: Completed task 6_M0 on worker 3
2020-12-04T22:57:23.711613: acquiring locks of workers
2020-12-04T22:57:23.712083: acquired locks of workers
2020-12-04T22:57:23.712506: releasing locks of workers
2020-12-04T22:57:23.712873: released locks of workers
2020-12-04T22:57:23.713607: RUN_TASK: running task 6_R0 on worker 1
2020-12-04T22:57:23.713974: acquiring locks of workers
2020-12-04T22:57:23.714519: acquired locks of workers
2020-12-04T22:57:23.714881: releasing locks of workers
2020-12-04T22:57:23.715207: released locks of workers
2020-12-04T22:57:23.715952: RUN_TASK: running task 6_R1 on worker 3
2020-12-04T22:57:23.882773: TASK_DONE: Completed task 5_R1 on worker 2
2020-12-04T22:57:23.996294: TASK_DONE: Completed task 9_M3 on worker 1
2020-12-04T22:57:24.609699: TASK_DONE: Completed task 4_R1 on worker 2
2020-12-04T22:57:24.637169: TASK_DONE: Completed task 7_M0 on worker 1
2020-12-04T22:57:24.637561: acquiring locks of workers
2020-12-04T22:57:24.637737: acquired locks of workers
2020-12-04T22:57:24.637854: releasing locks of workers
2020-12-04T22:57:24.637954: released locks of workers
2020-12-04T22:57:24.638275: RUN_TASK: running task 7_R0 on worker 2
2020-12-04T22:57:24.882940: TASK_DONE: Completed task 5_R0 on worker 2
2020-12-04T22:57:24.889400: TASK_DONE: Completed task 8_M0 on worker 2
2020-12-04T22:57:24.889657: acquiring locks of workers
2020-12-04T22:57:24.889794: acquired locks of workers
2020-12-04T22:57:24.889885: releasing locks of workers
2020-12-04T22:57:24.889964: released locks of workers
2020-12-04T22:57:24.890244: RUN_TASK: running task 8_R0 on worker 2
2020-12-04T22:57:24.890410: acquiring locks of workers
2020-12-04T22:57:24.890549: acquired locks of workers
2020-12-04T22:57:24.890692: releasing locks of workers
2020-12-04T22:57:24.890815: released locks of workers
2020-12-04T22:57:24.891088: RUN_TASK: running task 8_R1 on worker 1
2020-12-04T22:57:25.717220: TASK_DONE: Completed task 6_R0 on worker 1
2020-12-04T22:57:25.994037: TASK_DONE: Completed task 9_M0 on worker 2
2020-12-04T22:57:25.996087: TASK_DONE: Completed task 9_M1 on worker 1
2020-12-04T22:57:25.996300: acquiring locks of workers
2020-12-04T22:57:25.996428: acquired locks of workers
2020-12-04T22:57:25.996515: releasing locks of workers
2020-12-04T22:57:25.996588: released locks of workers
2020-12-04T22:57:25.996839: RUN_TASK: running task 9_R0 on worker 3
2020-12-04T22:57:26.641657: TASK_DONE: Completed task 7_R0 on worker 2
2020-12-04T22:57:26.719747: TASK_DONE: Completed task 6_R1 on worker 3
2020-12-04T22:57:27.893902: TASK_DONE: Completed task 8_R1 on worker 1
2020-12-04T22:57:28.893900: TASK_DONE: Completed task 8_R0 on worker 2
2020-12-04T22:57:30.000525: TASK_DONE: Completed task 9_R0 on worker 3
2020-12-04T22:58:11.046423: NEW_JOB: Got query with job id 0 JOB {'job_id': '0', 'map_tasks': [{'job_id': '0', 'task_id': '0_M0', 'duration': 1}, {'job_id': '0', 'task_id': '0_M1', 'duration': 1}, {'job_id': '0', 'task_id': '0_M2', 'duration': 1}, {'job_id': '0', 'task_id': '0_M3', 'duration': 1}, {'job_id': '0', 'task_id': '0_M4', 'duration': 1}], 'reduce_tasks': [{'job_id': '0', 'task_id': '0_R0', 'duration': 1}]}
2020-12-04T22:58:11.046909: acquiring locks of workers
2020-12-04T22:58:11.047141: acquired locks of workers
2020-12-04T22:58:11.047287: releasing locks of workers
2020-12-04T22:58:11.047412: released locks of workers
2020-12-04T22:58:11.047780: RUN_TASK: running task 0_M0 on worker 3
2020-12-04T22:58:11.047953: acquiring locks of workers
2020-12-04T22:58:11.048081: acquired locks of workers
2020-12-04T22:58:11.048206: releasing locks of workers
2020-12-04T22:58:11.048323: released locks of workers
2020-12-04T22:58:11.048695: RUN_TASK: running task 0_M1 on worker 2
2020-12-04T22:58:11.048969: acquiring locks of workers
2020-12-04T22:58:11.049190: acquired locks of workers
2020-12-04T22:58:11.049406: releasing locks of workers
2020-12-04T22:58:11.049608: released locks of workers
2020-12-04T22:58:11.050033: RUN_TASK: running task 0_M2 on worker 3
2020-12-04T22:58:11.050215: acquiring locks of workers
2020-12-04T22:58:11.050463: acquired locks of workers
2020-12-04T22:58:11.050661: releasing locks of workers
2020-12-04T22:58:11.050790: released locks of workers
2020-12-04T22:58:11.051171: RUN_TASK: running task 0_M3 on worker 2
2020-12-04T22:58:11.051429: acquiring locks of workers
2020-12-04T22:58:11.051653: acquired locks of workers
2020-12-04T22:58:11.051883: releasing locks of workers
2020-12-04T22:58:11.052035: released locks of workers
2020-12-04T22:58:11.052693: RUN_TASK: running task 0_M4 on worker 3
2020-12-04T22:58:12.050063: TASK_DONE: Completed task 0_M0 on worker 3
2020-12-04T22:58:12.051339: TASK_DONE: Completed task 0_M1 on worker 2
2020-12-04T22:58:12.051710: TASK_DONE: Completed task 0_M2 on worker 3
2020-12-04T22:58:12.054296: TASK_DONE: Completed task 0_M3 on worker 2
2020-12-04T22:58:12.055922: TASK_DONE: Completed task 0_M4 on worker 3
2020-12-04T22:58:12.056314: acquiring locks of workers
2020-12-04T22:58:12.056485: acquired locks of workers
2020-12-04T22:58:12.056606: releasing locks of workers
2020-12-04T22:58:12.056712: released locks of workers
2020-12-04T22:58:12.057089: RUN_TASK: running task 0_R0 on worker 3
2020-12-04T22:58:13.059651: TASK_DONE: Completed task 0_R0 on worker 3
2020-12-04T22:58:21.055156: NEW_JOB: Got query with job id 1 JOB {'job_id': '1', 'map_tasks': [{'job_id': '1', 'task_id': '1_M0', 'duration': 1}, {'job_id': '1', 'task_id': '1_M1', 'duration': 1}, {'job_id': '1', 'task_id': '1_M2', 'duration': 1}, {'job_id': '1', 'task_id': '1_M3', 'duration': 1}, {'job_id': '1', 'task_id': '1_M4', 'duration': 1}], 'reduce_tasks': [{'job_id': '1', 'task_id': '1_R0', 'duration': 1}]}
2020-12-04T22:58:21.056720: acquiring locks of workers
2020-12-04T22:58:21.057222: acquired locks of workers
2020-12-04T22:58:21.057499: releasing locks of workers
2020-12-04T22:58:21.057805: released locks of workers
2020-12-04T22:58:21.058480: RUN_TASK: running task 1_M0 on worker 3
2020-12-04T22:58:21.058739: acquiring locks of workers
2020-12-04T22:58:21.058998: acquired locks of workers
2020-12-04T22:58:21.059187: releasing locks of workers
2020-12-04T22:58:21.059359: released locks of workers
2020-12-04T22:58:21.059847: RUN_TASK: running task 1_M1 on worker 3
2020-12-04T22:58:21.060085: acquiring locks of workers
2020-12-04T22:58:21.060271: acquired locks of workers
2020-12-04T22:58:21.060452: releasing locks of workers
2020-12-04T22:58:21.060620: released locks of workers
2020-12-04T22:58:21.061149: RUN_TASK: running task 1_M2 on worker 1
2020-12-04T22:58:21.061523: acquiring locks of workers
2020-12-04T22:58:21.061830: acquired locks of workers
2020-12-04T22:58:21.062174: releasing locks of workers
2020-12-04T22:58:21.062463: released locks of workers
2020-12-04T22:58:21.063137: RUN_TASK: running task 1_M3 on worker 3
2020-12-04T22:58:21.063490: acquiring locks of workers
2020-12-04T22:58:21.063791: acquired locks of workers
2020-12-04T22:58:21.064091: releasing locks of workers
2020-12-04T22:58:21.064316: released locks of workers
2020-12-04T22:58:21.064922: RUN_TASK: running task 1_M4 on worker 2
2020-12-04T22:58:22.061775: TASK_DONE: Completed task 1_M0 on worker 3
2020-12-04T22:58:22.062476: TASK_DONE: Completed task 1_M1 on worker 3
2020-12-04T22:58:22.064071: TASK_DONE: Completed task 1_M2 on worker 1
2020-12-04T22:58:22.066119: TASK_DONE: Completed task 1_M3 on worker 3
2020-12-04T22:58:22.067749: TASK_DONE: Completed task 1_M4 on worker 2
2020-12-04T22:58:22.068089: acquiring locks of workers
2020-12-04T22:58:22.068221: acquired locks of workers
2020-12-04T22:58:22.068326: releasing locks of workers
2020-12-04T22:58:22.068418: released locks of workers
2020-12-04T22:58:22.068703: RUN_TASK: running task 1_R0 on worker 3
2020-12-04T22:58:23.071176: TASK_DONE: Completed task 1_R0 on worker 3
2020-12-04T22:58:31.060097: NEW_JOB: Got query with job id 2 JOB {'job_id': '2', 'map_tasks': [{'job_id': '2', 'task_id': '2_M0', 'duration': 1}, {'job_id': '2', 'task_id': '2_M1', 'duration': 1}, {'job_id': '2', 'task_id': '2_M2', 'duration': 1}, {'job_id': '2', 'task_id': '2_M3', 'duration': 1}, {'job_id': '2', 'task_id': '2_M4', 'duration': 1}], 'reduce_tasks': [{'job_id': '2', 'task_id': '2_R0', 'duration': 1}]}
2020-12-04T22:58:31.060667: acquiring locks of workers
2020-12-04T22:58:31.061050: acquired locks of workers
2020-12-04T22:58:31.061380: releasing locks of workers
2020-12-04T22:58:31.061787: released locks of workers
2020-12-04T22:58:31.062634: RUN_TASK: running task 2_M0 on worker 2
2020-12-04T22:58:31.063007: acquiring locks of workers
2020-12-04T22:58:31.063191: acquired locks of workers
2020-12-04T22:58:31.063339: releasing locks of workers
2020-12-04T22:58:31.063471: released locks of workers
2020-12-04T22:58:31.063895: RUN_TASK: running task 2_M1 on worker 3
2020-12-04T22:58:31.064148: acquiring locks of workers
2020-12-04T22:58:31.064369: acquired locks of workers
2020-12-04T22:58:31.064593: releasing locks of workers
2020-12-04T22:58:31.064802: released locks of workers
2020-12-04T22:58:31.065398: RUN_TASK: running task 2_M2 on worker 2
2020-12-04T22:58:31.065707: acquiring locks of workers
2020-12-04T22:58:31.065935: acquired locks of workers
2020-12-04T22:58:31.066154: releasing locks of workers
2020-12-04T22:58:31.066403: released locks of workers
2020-12-04T22:58:31.066869: RUN_TASK: running task 2_M3 on worker 2
2020-12-04T22:58:31.067094: acquiring locks of workers
2020-12-04T22:58:31.067243: acquired locks of workers
2020-12-04T22:58:31.067392: releasing locks of workers
2020-12-04T22:58:31.067524: released locks of workers
2020-12-04T22:58:31.067971: RUN_TASK: running task 2_M4 on worker 3
2020-12-04T22:58:32.065537: TASK_DONE: Completed task 2_M0 on worker 2
2020-12-04T22:58:32.066392: TASK_DONE: Completed task 2_M1 on worker 3
2020-12-04T22:58:32.067765: TASK_DONE: Completed task 2_M2 on worker 2
2020-12-04T22:58:32.069123: TASK_DONE: Completed task 2_M3 on worker 2
2020-12-04T22:58:32.070036: TASK_DONE: Completed task 2_M4 on worker 3
2020-12-04T22:58:32.070425: acquiring locks of workers
2020-12-04T22:58:32.070555: acquired locks of workers
2020-12-04T22:58:32.070654: releasing locks of workers
2020-12-04T22:58:32.070725: released locks of workers
2020-12-04T22:58:32.071069: RUN_TASK: running task 2_R0 on worker 1
2020-12-04T22:58:33.073040: TASK_DONE: Completed task 2_R0 on worker 1
